20:48:25 **** Build of configuration Debug for project main.c ****
make all 
Building file: ../DIO_prog.c
Invoking: AVR Compiler
avr-gcc -Wall -g2 -gstabs -O0 -fpack-struct -fshort-enums -ffunction-sections -fdata-sections -std=gnu99 -funsigned-char -funsigned-bitfields -mmcu=atmega32 -DF_CPU=8000000UL -MMD -MP -MF"DIO_prog.d" -MT"DIO_prog.o" -c -o "DIO_prog.o" "../DIO_prog.c"
Finished building: ../DIO_prog.c
 
Building file: ../main.c
Invoking: AVR Compiler
avr-gcc -Wall -g2 -gstabs -O0 -fpack-struct -fshort-enums -ffunction-sections -fdata-sections -std=gnu99 -funsigned-char -funsigned-bitfields -mmcu=atmega32 -DF_CPU=8000000UL -MMD -MP -MF"main.d" -MT"main.o" -c -o "main.o" "../main.c"
In file included from ../main.c:12:
d:/tools/sdk/imt_sdk_win_64/imt_sdk_win_64/winavr/lib/gcc/../../avr/include/util/delay.h:90:3: warning: #warning "Compiler optimizations disabled; functions from <util/delay.h> won't work as designed"
Finished building: ../main.c
 
Building target: main.c.elf
Invoking: AVR C Linker
avr-gcc -Wl,-Map,main.c.map -mmcu=atmega32 -o "main.c.elf"  ./DIO_prog.o ./main.o   
Finished building target: main.c.elf
 
Invoking: AVR Create Extended Listing
avr-objdump -h -S main.c.elf  >"main.c.lss"
Finished building: main.c.lss
 
Create Flash image (ihex format)
avr-objcopy -R .eeprom -R .fuse -R .lock -R .signature -O ihex main.c.elf  "main.c.hex"
Finished building: main.c.hex
 
Invoking: Print Size
avr-size --format=avr --mcu=atmega32 main.c.elf
AVR Memory Usage
----------------
Device: atmega32

Program:    1974 bytes (6.0% Full)
(.text + .data + .bootloader)

Data:          0 bytes (0.0% Full)
(.data + .bss + .noinit)


Finished building: sizedummy
 

20:48:26 Build Finished (took 1s.15ms)

