20:48:35 **** Build of configuration Debug for project PING_PONG ****
make all 
Building file: ../MCAL/UART/UART_Program.c
Invoking: AVR Compiler
avr-gcc -Wall -g2 -gstabs -O0 -fpack-struct -fshort-enums -ffunction-sections -fdata-sections -std=gnu99 -funsigned-char -funsigned-bitfields -mmcu=atmega32 -DF_CPU=8000000UL -MMD -MP -MF"MCAL/UART/UART_Program.d" -MT"MCAL/UART/UART_Program.o" -c -o "MCAL/UART/UART_Program.o" "../MCAL/UART/UART_Program.c"
In file included from ../MCAL/UART/UART_Program.c:3:
d:/tools/sdk/imt_sdk_win_64/imt_sdk_win_64/winavr/lib/gcc/../../avr/include/avr/delay.h:36:2: warning: #warning "This file has been moved to <util/delay.h>."
In file included from d:/tools/sdk/imt_sdk_win_64/imt_sdk_win_64/winavr/lib/gcc/../../avr/include/avr/delay.h:37,
                 from ../MCAL/UART/UART_Program.c:3:
d:/tools/sdk/imt_sdk_win_64/imt_sdk_win_64/winavr/lib/gcc/../../avr/include/util/delay.h:90:3: warning: #warning "Compiler optimizations disabled; functions from <util/delay.h> won't work as designed"
Finished building: ../MCAL/UART/UART_Program.c
 
Building file: ../MCAL/TIMER/TIMER_Program.c
Invoking: AVR Compiler
avr-gcc -Wall -g2 -gstabs -O0 -fpack-struct -fshort-enums -ffunction-sections -fdata-sections -std=gnu99 -funsigned-char -funsigned-bitfields -mmcu=atmega32 -DF_CPU=8000000UL -MMD -MP -MF"MCAL/TIMER/TIMER_Program.d" -MT"MCAL/TIMER/TIMER_Program.o" -c -o "MCAL/TIMER/TIMER_Program.o" "../MCAL/TIMER/TIMER_Program.c"
Finished building: ../MCAL/TIMER/TIMER_Program.c
 
Building file: ../MCAL/Global Interrupt/GIE_prog.c
Invoking: AVR Compiler
avr-gcc -Wall -g2 -gstabs -O0 -fpack-struct -fshort-enums -ffunction-sections -fdata-sections -std=gnu99 -funsigned-char -funsigned-bitfields -mmcu=atmega32 -DF_CPU=8000000UL -MMD -MP -MF"MCAL/Global Interrupt/GIE_prog.d" -MT"MCAL/Global\ Interrupt/GIE_prog.d" -c -o "MCAL/Global Interrupt/GIE_prog.o" "../MCAL/Global Interrupt/GIE_prog.c"
Finished building: ../MCAL/Global Interrupt/GIE_prog.c
 
Building file: ../MCAL/External Interrupt/EX_INT_Prog.c
Invoking: AVR Compiler
avr-gcc -Wall -g2 -gstabs -O0 -fpack-struct -fshort-enums -ffunction-sections -fdata-sections -std=gnu99 -funsigned-char -funsigned-bitfields -mmcu=atmega32 -DF_CPU=8000000UL -MMD -MP -MF"MCAL/External Interrupt/EX_INT_Prog.d" -MT"MCAL/External\ Interrupt/EX_INT_Prog.d" -c -o "MCAL/External Interrupt/EX_INT_Prog.o" "../MCAL/External Interrupt/EX_INT_Prog.c"
Finished building: ../MCAL/External Interrupt/EX_INT_Prog.c
 
Building file: ../MCAL/DIO/DIO_prog.c
Invoking: AVR Compiler
avr-gcc -Wall -g2 -gstabs -O0 -fpack-struct -fshort-enums -ffunction-sections -fdata-sections -std=gnu99 -funsigned-char -funsigned-bitfields -mmcu=atmega32 -DF_CPU=8000000UL -MMD -MP -MF"MCAL/DIO/DIO_prog.d" -MT"MCAL/DIO/DIO_prog.o" -c -o "MCAL/DIO/DIO_prog.o" "../MCAL/DIO/DIO_prog.c"
Finished building: ../MCAL/DIO/DIO_prog.c
 
Building file: ../HAL/LCD/LCD_Program.c
Invoking: AVR Compiler
avr-gcc -Wall -g2 -gstabs -O0 -fpack-struct -fshort-enums -ffunction-sections -fdata-sections -std=gnu99 -funsigned-char -funsigned-bitfields -mmcu=atmega32 -DF_CPU=8000000UL -MMD -MP -MF"HAL/LCD/LCD_Program.d" -MT"HAL/LCD/LCD_Program.o" -c -o "HAL/LCD/LCD_Program.o" "../HAL/LCD/LCD_Program.c"
In file included from ../HAL/LCD/LCD_Program.c:7:
d:/tools/sdk/imt_sdk_win_64/imt_sdk_win_64/winavr/lib/gcc/../../avr/include/avr/delay.h:36:2: warning: #warning "This file has been moved to <util/delay.h>."
In file included from d:/tools/sdk/imt_sdk_win_64/imt_sdk_win_64/winavr/lib/gcc/../../avr/include/avr/delay.h:37,
                 from ../HAL/LCD/LCD_Program.c:7:
d:/tools/sdk/imt_sdk_win_64/imt_sdk_win_64/winavr/lib/gcc/../../avr/include/util/delay.h:90:3: warning: #warning "Compiler optimizations disabled; functions from <util/delay.h> won't work as designed"
Finished building: ../HAL/LCD/LCD_Program.c
 
Building file: ../HAL/Key_pad/Keypad_Program.c
Invoking: AVR Compiler
avr-gcc -Wall -g2 -gstabs -O0 -fpack-struct -fshort-enums -ffunction-sections -fdata-sections -std=gnu99 -funsigned-char -funsigned-bitfields -mmcu=atmega32 -DF_CPU=8000000UL -MMD -MP -MF"HAL/Key_pad/Keypad_Program.d" -MT"HAL/Key_pad/Keypad_Program.o" -c -o "HAL/Key_pad/Keypad_Program.o" "../HAL/Key_pad/Keypad_Program.c"
In file included from ../HAL/Key_pad/Keypad_Program.c:6:
d:/tools/sdk/imt_sdk_win_64/imt_sdk_win_64/winavr/lib/gcc/../../avr/include/avr/delay.h:36:2: warning: #warning "This file has been moved to <util/delay.h>."
In file included from d:/tools/sdk/imt_sdk_win_64/imt_sdk_win_64/winavr/lib/gcc/../../avr/include/avr/delay.h:37,
                 from ../HAL/Key_pad/Keypad_Program.c:6:
d:/tools/sdk/imt_sdk_win_64/imt_sdk_win_64/winavr/lib/gcc/../../avr/include/util/delay.h:90:3: warning: #warning "Compiler optimizations disabled; functions from <util/delay.h> won't work as designed"
../HAL/Key_pad/Keypad_Program.c: In function 'GET_PressedKey':
../HAL/Key_pad/Keypad_Program.c:29: warning: initialization makes integer from pointer without a cast
Finished building: ../HAL/Key_pad/Keypad_Program.c
 
Building file: ../APP/ball.c
Invoking: AVR Compiler
avr-gcc -Wall -g2 -gstabs -O0 -fpack-struct -fshort-enums -ffunction-sections -fdata-sections -std=gnu99 -funsigned-char -funsigned-bitfields -mmcu=atmega32 -DF_CPU=8000000UL -MMD -MP -MF"APP/ball.d" -MT"APP/ball.o" -c -o "APP/ball.o" "../APP/ball.c"
In file included from ../APP/ball.c:17:
d:/tools/sdk/imt_sdk_win_64/imt_sdk_win_64/winavr/lib/gcc/../../avr/include/util/delay.h:90:3: warning: #warning "Compiler optimizations disabled; functions from <util/delay.h> won't work as designed"
Finished building: ../APP/ball.c
 
Building file: ../APP/main.c
Invoking: AVR Compiler
avr-gcc -Wall -g2 -gstabs -O0 -fpack-struct -fshort-enums -ffunction-sections -fdata-sections -std=gnu99 -funsigned-char -funsigned-bitfields -mmcu=atmega32 -DF_CPU=8000000UL -MMD -MP -MF"APP/main.d" -MT"APP/main.o" -c -o "APP/main.o" "../APP/main.c"
In file included from ../APP/main.c:19:
d:/tools/sdk/imt_sdk_win_64/imt_sdk_win_64/winavr/lib/gcc/../../avr/include/util/delay.h:90:3: warning: #warning "Compiler optimizations disabled; functions from <util/delay.h> won't work as designed"
../APP/main.c: In function 'main':
../APP/main.c:60: warning: pointer targets in passing argument 1 of 'LCD_VidWriteString' differ in signedness
Finished building: ../APP/main.c
 
Building target: PING_PONG.elf
Invoking: AVR C Linker
avr-gcc -Wl,-Map,PING_PONG.map -mmcu=atmega32 -o "PING_PONG.elf"  ./MCAL/UART/UART_Program.o  ./MCAL/TIMER/TIMER_Program.o  ./MCAL/Global\ Interrupt/GIE_prog.o  ./MCAL/External\ Interrupt/EX_INT_Prog.o  ./MCAL/DIO/DIO_prog.o  ./HAL/LCD/LCD_Program.o  ./HAL/Key_pad/Keypad_Program.o  ./APP/ball.o ./APP/main.o   
./HAL/LCD/LCD_Program.o: In function `LCD_VoidWriteSpecialCharacter':
../HAL/LCD/LCD_Program.c:218: undefined reference to `LCD_CONSTANT'
make: *** [PING_PONG.elf] Error 1

20:48:37 Build Finished (took 1s.750ms)

