20:49:30 **** Build of configuration Debug for project twi_new ****
make all 
Building file: ../DIO_Program.c
Invoking: AVR Compiler
avr-gcc -Wall -g2 -gstabs -O0 -fpack-struct -fshort-enums -ffunction-sections -fdata-sections -std=gnu99 -funsigned-char -funsigned-bitfields -mmcu=atmega32 -DF_CPU=8000000UL -MMD -MP -MF"DIO_Program.d" -MT"DIO_Program.o" -c -o "DIO_Program.o" "../DIO_Program.c"
Finished building: ../DIO_Program.c
 
Building file: ../TWI_Program.c
Invoking: AVR Compiler
avr-gcc -Wall -g2 -gstabs -O0 -fpack-struct -fshort-enums -ffunction-sections -fdata-sections -std=gnu99 -funsigned-char -funsigned-bitfields -mmcu=atmega32 -DF_CPU=8000000UL -MMD -MP -MF"TWI_Program.d" -MT"TWI_Program.o" -c -o "TWI_Program.o" "../TWI_Program.c"
../TWI_Program.c: In function 'TWI_voidStartCondition':
../TWI_Program.c:37: warning: suggest parentheses around comparison in operand of &
../TWI_Program.c: In function 'TWI_voidMasterSendData':
../TWI_Program.c:91: warning: suggest parentheses around comparison in operand of &
Finished building: ../TWI_Program.c
 
Building file: ../main.c
Invoking: AVR Compiler
avr-gcc -Wall -g2 -gstabs -O0 -fpack-struct -fshort-enums -ffunction-sections -fdata-sections -std=gnu99 -funsigned-char -funsigned-bitfields -mmcu=atmega32 -DF_CPU=8000000UL -MMD -MP -MF"main.d" -MT"main.o" -c -o "main.o" "../main.c"
Finished building: ../main.c
 
Building target: twi_new.elf
Invoking: AVR C Linker
avr-gcc -Wl,-Map,twi_new.map -mmcu=atmega32 -o "twi_new.elf"  ./DIO_Program.o ./TWI_Program.o ./main.o   
Finished building target: twi_new.elf
 
Invoking: AVR Create Extended Listing
avr-objdump -h -S twi_new.elf  >"twi_new.lss"
Finished building: twi_new.lss
 
Create Flash image (ihex format)
avr-objcopy -R .eeprom -R .fuse -R .lock -R .signature -O ihex twi_new.elf  "twi_new.hex"
Finished building: twi_new.hex
 
Invoking: Print Size
avr-size --format=avr --mcu=atmega32 twi_new.elf
AVR Memory Usage
----------------
Device: atmega32

Program:    2480 bytes (7.6% Full)
(.text + .data + .bootloader)

Data:          0 bytes (0.0% Full)
(.data + .bss + .noinit)


Finished building: sizedummy
 

20:49:31 Build Finished (took 1s.15ms)

